<?xml version="1.0" encoding="UTF-8"?>
<testsuite xmlns:xsi="http://www.w3.org/2001/XMLSchema-instance" xsi:noNamespaceSchemaLocation="https://maven.apache.org/surefire/maven-surefire-plugin/xsd/surefire-test-report.xsd" name="us.abstracta.opencard.RegisterUserTest" time="47.852" tests="2" errors="0" skipped="0" failures="0">
  <properties>
[...]
</properties>
  <testcase name="test1" classname="us.abstracta.opencard.RegisterUserTest" time="33.147"/>
  <testcase name="testUserLogin" classname="us.abstracta.opencard.RegisterUserTest" time="14.565"/>
</testsuite>